dom.h(110): Warning! W138: No newline at end of file
tabs.h(37): Warning! W138: No newline at end of file
utils.c(45): Warning! W131: No prototype found for function 'malloc'
utils.c(68): Warning! W131: No prototype found for function 'free'
utils.c(100): Warning! W202: Symbol 'p2' has been defined, but not referenced
utils.c(100): Warning! W202: Symbol 'p' has been defined, but not referenced
utils.c(271): Warning! W102: Type mismatch (warning)
utils.c(271): Note! I2003: source conversion type is 'unsigned int '
utils.c(271): Note! I2004: target conversion type is 'void __far *'
utils.c(271): Note! I2002: 'LFree' defined in: utils.c(66)
utils.c(272): Warning! W102: Type mismatch (warning)
utils.c(272): Note! I2003: source conversion type is 'unsigned int '
utils.c(272): Note! I2004: target conversion type is 'void __far *'
utils.c(272): Note! I2002: 'LFree' defined in: utils.c(66)
utils.c(373): Warning! W131: No prototype found for function 'abs'
url.c(194): Warning! W131: No prototype found for function 'atoi'
stream.c(205): Warning! W112: Pointer truncated
stream.c(205): Note! I2003: source conversion type is 'struct SocketStream __far *'
stream.c(205): Note! I2004: target conversion type is 'struct SocketStream *'
stream.c(249): Warning! W112: Pointer truncated
stream.c(249): Note! I2003: source conversion type is 'struct SocketStream __far *'
stream.c(249): Note! I2004: target conversion type is 'struct SocketStream *'
http.c(87): Warning! W202: Symbol 'b' has been defined, but not referenced
tests/taskdata.c(123): Warning! W138: No newline at end of file
winshell.c(244): Warning! W112: Pointer truncated
winshell.c(244): Note! I2003: source conversion type is 'struct DomNode __far *'
winshell.c(244): Note! I2004: target conversion type is 'struct DomNode *'
winshell.c(919): Warning! W112: Pointer truncated
winshell.c(919): Note! I2003: source conversion type is 'struct DomNode __far *'
winshell.c(919): Note! I2004: target conversion type is 'struct DomNode *'
tests/path.c(17): Warning! W138: No newline at end of file
utils.c(134): Warning! W202: Symbol 'IsWhitespace' has been defined, but not referenced
utils.c(178): Warning! W202: Symbol 'FarPtrToNear' has been defined, but not referenced
utils.c(190): Warning! W202: Symbol 'NearPtrToFar' has been defined, but not referenced
utils.c(203): Warning! W202: Symbol 'NearStrToFar' has been defined, but not referenced
utils.c(264): Warning! W202: Symbol '_ffopen' has been defined, but not referenced
main.c(52): Warning! W202: Symbol 'hTopBrowserWnd' has been defined, but not referenced
